0 info it worked if it ends with ok
1 verbose cli [ '/Users/doquyena/.nvm/versions/node/v6.9.1/bin/node',
1 verbose cli   '/Users/doquyena/.nvm/versions/node/v6.9.1/bin/npm',
1 verbose cli   'start' ]
2 info using npm@3.10.8
3 info using node@v6.9.1
4 verbose run-script [ 'prestart', 'start', 'poststart' ]
5 info lifecycle nodejs_mongodb_react@1.0.0~prestart: nodejs_mongodb_react@1.0.0
6 silly lifecycle nodejs_mongodb_react@1.0.0~prestart: no script for prestart, continuing
7 info lifecycle nodejs_mongodb_react@1.0.0~start: nodejs_mongodb_react@1.0.0
8 verbose lifecycle nodejs_mongodb_react@1.0.0~start: unsafe-perm in lifecycle true
9 verbose lifecycle nodejs_mongodb_react@1.0.0~start: PATH: /Users/doquyena/.nvm/versions/node/v6.9.1/lib/node_modules/npm/bin/node-gyp-bin:/Users/doquyena/Development/DSI_post_course/nodejs_mongodb_react/node_modules/.bin:/Users/doquyena/Library/Android/sdk/platform-tools:/Users/doquyena/Library/Android/sdk/tools:/Users/doquyena/anaconda/bin:/Applications/QGIS.app/Contents/MacOS/bin:/Users/doquyena/.nvm/versions/node/v6.9.1/bin:/usr/local/git/bin:/usr/local/bin:/usr/local/heroku/bin:/usr/local/share/npm/bin:/usr/local/Cellar/geckodriver:/usr/local/git/bin:/usr/local/sbin:/Users/doquyena/.rvm/gems/ruby-2.3.1/bin:/Users/doquyena/.rvm/gems/ruby-2.3.1@global/bin:/Users/doquyena/.rvm/rubies/ruby-2.3.1/bin:/Users/doquyena/Library/Android/sdk/platform-tools:/Users/doquyena/Library/Android/sdk/tools:/Users/doquyena/anaconda/bin:/Applications/QGIS.app/Contents/MacOS/bin:/usr/local/git/bin:/usr/local/bin:/usr/local/heroku/bin:/usr/local/share/npm/bin:/usr/local/Cellar/geckodriver:/usr/local/git/bin:/usr/local/sbin:/Library/Frameworks/Python.framework/Versions/2.7/bin:/Library/Frameworks/Python.framework/Versions/3.6/bin:/usr/local/bin:/usr/bin:/bin:/usr/sbin:/sbin:/Applications/Postgres.app/Contents/Versions/latest/bin:/usr/local/bin:/usr/bin:/bin:/usr/sbin:/sbin:/usr/local/git/bin:/usr/local/mysql/bin:/opt/local/bin:/usr/local/mysql/bin:/Users/doquyena/.rvm/bin:/usr/local/bin:/usr/bin:/bin:/usr/sbin:/sbin:/usr/local/git/bin:/usr/local/mysql/bin:/opt/local/bin:/usr/local/mysql/bin:/Users/doquyena/.rvm/bin
10 verbose lifecycle nodejs_mongodb_react@1.0.0~start: CWD: /Users/doquyena/Development/DSI_post_course/nodejs_mongodb_react
11 silly lifecycle nodejs_mongodb_react@1.0.0~start: Args: [ '-c', 'node server.js' ]
12 silly lifecycle nodejs_mongodb_react@1.0.0~start: Returned: code: 1  signal: null
13 info lifecycle nodejs_mongodb_react@1.0.0~start: Failed to exec start script
14 verbose stack Error: nodejs_mongodb_react@1.0.0 start: `node server.js`
14 verbose stack Exit status 1
14 verbose stack     at EventEmitter.<anonymous> (/Users/doquyena/.nvm/versions/node/v6.9.1/lib/node_modules/npm/lib/utils/lifecycle.js:255:16)
14 verbose stack     at emitTwo (events.js:106:13)
14 verbose stack     at EventEmitter.emit (events.js:191:7)
14 verbose stack     at ChildProcess.<anonymous> (/Users/doquyena/.nvm/versions/node/v6.9.1/lib/node_modules/npm/lib/utils/spawn.js:40:14)
14 verbose stack     at emitTwo (events.js:106:13)
14 verbose stack     at ChildProcess.emit (events.js:191:7)
14 verbose stack     at maybeClose (internal/child_process.js:877:16)
14 verbose stack     at Process.ChildProcess._handle.onexit (internal/child_process.js:226:5)
15 verbose pkgid nodejs_mongodb_react@1.0.0
16 verbose cwd /Users/doquyena/Development/DSI_post_course/nodejs_mongodb_react
17 error Darwin 16.7.0
18 error argv "/Users/doquyena/.nvm/versions/node/v6.9.1/bin/node" "/Users/doquyena/.nvm/versions/node/v6.9.1/bin/npm" "start"
19 error node v6.9.1
20 error npm  v3.10.8
21 error code ELIFECYCLE
22 error nodejs_mongodb_react@1.0.0 start: `node server.js`
22 error Exit status 1
23 error Failed at the nodejs_mongodb_react@1.0.0 start script 'node server.js'.
23 error Make sure you have the latest version of node.js and npm installed.
23 error If you do, this is most likely a problem with the nodejs_mongodb_react package,
23 error not with npm itself.
23 error Tell the author that this fails on your system:
23 error     node server.js
23 error You can get information on how to open an issue for this project with:
23 error     npm bugs nodejs_mongodb_react
23 error Or if that isn't available, you can get their info via:
23 error     npm owner ls nodejs_mongodb_react
23 error There is likely additional logging output above.
24 verbose exit [ 1, true ]
